<?xml version="1.0" encoding="UTF-8" ?>
<testsuite errors="0" failures="0" hostname="farooqbxp2" name="app.CourseInfoManagerTest" tests="8" time="0.858" timestamp="2009-07-20T17:15:50">
  <properties>
    <property name="ant.file.UnixUsage-impl" value="C:\temp\UnixUsage\nbproject\build-impl.xml" />
    <property name="javac.test.classpath" value="C:\Program Files\NetBeans 6.7\enterprise5\modules\ext\standard.jar;C:\Program Files\NetBeans 6.7\enterprise5\modules\ext\jstl.jar:C:\Program Files\Sun\JavaDB\lib\derby.jar:C:\Program Files\Sun\JavaDB\lib\derbyclient.jar:build/web/WEB-INF/classes:C:\Program Files\NetBeans 6.7\java2\modules\ext\junit-3.8.2.jar" />
    <property name="source.root" value="src" />
    <property name="do.display.browser" value="true" />
    <property name="org.openide.TopManager.GUI" value="true" />
    <property name="libs.junit.javadoc" value="C:\Program Files\NetBeans 6.7\java2\docs\junit-3.8.2-api.zip" />
    <property name="ant.core.lib" value="C:\Program Files\NetBeans 6.7\java2\ant\lib\ant.jar" />
    <property name="libs.swing-app-framework.src" value="" />
    <property name="javadoc.windowtitle" value="" />
    <property name="libs.toplink.classpath" value="C:\Program Files\NetBeans 6.7\java2\modules\ext\toplink\toplink-essentials.jar;C:\Program Files\NetBeans 6.7\java2\modules\ext\toplink\toplink-essentials-agent.jar" />
    <property name="user.dir" value="C:\temp\UnixUsage" />
    <property name="libs.hibernate-persistence.javadoc" value="" />
    <property name="java.vm.version" value="11.3-b02" />
    <property name="libs.jstl11.maven-pom" value="" />
    <property name="libs.MySQLDriver.classpath" value="C:\Program Files\NetBeans 6.7\ide11\modules\ext\mysql-connector-java-5.1.6-bin.jar" />
    <property name="libs.jstl11.src" value="" />
    <property name="javadoc.notree" value="false" />
    <property name="lib.dir" value="web/WEB-INF/lib" />
    <property name="libs.hibernate-support.maven-pom" value="" />
    <property name="libs.hibernate-support.javadoc" value="" />
    <property name="jdk.home" value="C:\Program Files\Java\jdk1.6.0_13" />
    <property name="libs.javac-api.src" value="" />
    <property name="javadoc.noindex" value="false" />
    <property name="sun.os.patch.level" value="Service Pack 2" />
    <property name="do.tmp.war.package" value="true" />
    <property name="java.vm.specification.name" value="Java Virtual Machine Specification" />
    <property name="nb.show.statistics.ui" value="usageStatisticsEnabled" />
    <property name="have.tests" value="true" />
    <property name="org.xml.sax.driver" value="com.sun.org.apache.xerces.internal.jaxp.SAXParserImpl$JAXPSAXParser" />
    <property name="j2ee.server.instance" value="[C:\Program Files\sges-v3-prelude\glassfish]deployer:gfv3:localhost:8080" />
    <property name="libs.javac-api.javadoc" value="" />
    <property name="os.name" value="Windows XP" />
    <property name="libs.beans-binding.classpath" value="C:\Program Files\NetBeans 6.7\java2\modules\ext\beansbinding-1.2.1.jar" />
    <property name="libs.restapi.javadoc" value="C:\Program Files\NetBeans 6.7\enterprise5\docs\jsr311-api-doc.zip" />
    <property name="libs.JWSAntTasks.maven-pom" value="" />
    <property name="libs.restapi.classpath" value="C:\Program Files\NetBeans 6.7\enterprise5\modules\ext\rest\jsr311-api.jar" />
    <property name="libs.EclipseLink-GlassFish-v3-Prelude.src" value="" />
    <property name="runmain.jvmargs" value="" />
    <property name="java.vendor.url.bug" value="http://java.sun.com/cgi-bin/bugreport.cgi" />
    <property name="libs.jaxb.maven-pom" value="" />
    <property name="os.arch" value="x86" />
    <property name="user.name" value="FarooqB" />
    <property name="auxiliary.org-netbeans-modules-web-client-tools-api.INTERNET_5f_EXPLORER" value="false" />
    <property name="libs.jsf12.javadoc" value="C:\Program Files\NetBeans 6.7\enterprise5\docs\javaee5-doc-api.zip" />
    <property name="libs.swing-layout.maven-pom" value="" />
    <property name="build.classes.dir" value="build/web/WEB-INF/classes" />
    <property name="netbeans.accept_license_class" value="org.netbeans.license.AcceptLicense" />
    <property name="libs.DerbyLibs.maven-pom" value="" />
    <property name="libs.jaxws21.javadoc" value="C:\Program Files\NetBeans 6.7\java2\docs\jaxws-2_1-api-doc.zip" />
    <property name="build.web.excludes" value="**/*.java,**/*.form" />
    <property name="includes" value="**" />
    <property name="user.country" value="US" />
    <property name="libs.jstl11.javadoc" value="C:\Program Files\NetBeans 6.7\enterprise5\docs\javaee5-doc-api.zip" />
    <property name="javadoc.encoding" value="UTF-8" />
    <property name="javac.classpath" value="C:\Program Files\NetBeans 6.7\enterprise5\modules\ext\standard.jar;C:\Program Files\NetBeans 6.7\enterprise5\modules\ext\jstl.jar:C:\Program Files\Sun\JavaDB\lib\derby.jar:C:\Program Files\Sun\JavaDB\lib\derbyclient.jar" />
    <property name="do.debug.server" value="true" />
    <property name="debug-transport" value="dt_shmem" />
    <property name="libs.JWSDK.classpath" value="C:\Program Files\NetBeans 6.0.1\jswdk-1.0\lib" />
    <property name="netbeans.home" value="C:\Program Files\NetBeans 6.7\platform10" />
    <property name="build.compiler.emacs" value="true" />
    <property name="libs.ejb3-persistence.src" value="" />
    <property name="java.endorsed.dirs" value="C:\Program Files\Java\jdk1.6.0_13\jre\lib\endorsed" />
    <property name="netbeans.dynamic.classpath" value="C:\Program Files\NetBeans 6.7\platform10\core\core.jar;C:\Program Files\NetBeans 6.7\platform10\core\org-openide-filesystems.jar;C:\Program Files\NetBeans 6.7\platform10\core\locale\core_ja.jar;C:\Program Files\NetBeans 6.7\platform10\core\locale\core_pt_BR.jar;C:\Program Files\NetBeans 6.7\platform10\core\locale\core_zh_CN.jar;C:\Program Files\NetBeans 6.7\platform10\core\locale\org-openide-filesystems_ja.jar;C:\Program Files\NetBeans 6.7\platform10\core\locale\org-openide-filesystems_pt_BR.jar;C:\Program Files\NetBeans 6.7\platform10\core\locale\org-openide-filesystems_zh_CN.jar;C:\Program Files\NetBeans 6.7\nb6.7\core\org-netbeans-upgrader.jar;C:\Program Files\NetBeans 6.7\nb6.7\core\locale\core_nb.jar;C:\Program Files\NetBeans 6.7\nb6.7\core\locale\core_nb_ja.jar;C:\Program Files\NetBeans 6.7\nb6.7\core\locale\core_nb_pt_BR.jar;C:\Program Files\NetBeans 6.7\nb6.7\core\locale\core_nb_zh_CN.jar;C:\Program Files\NetBeans 6.7\nb6.7\core\locale\org-netbeans-upgrader_ja.jar;C:\Program Files\NetBeans 6.7\nb6.7\core\locale\org-netbeans-upgrader_pt_BR.jar;C:\Program Files\NetBeans 6.7\nb6.7\core\locale\org-netbeans-upgrader_zh_CN.jar" />
    <property name="java.vm.specification.version" value="1.0" />
    <property name="jspcompilation.classpath" value="C:\Program Files\NetBeans 6.7\java2\ant\lib\ant.jar:C:\Program Files\NetBeans 6.7\enterprise5\modules\ext\servlet2.5-jsp2.1-api.jar:C:\Program Files\sges-v3-prelude\glassfish\modules\javax.servlet.jsp.jar:C:\Program Files\sges-v3-prelude\glassfish\modules\javax.activation.jar:C:\Program Files\sges-v3-prelude\glassfish\modules\javax.persistence.jar:C:\Program Files\sges-v3-prelude\glassfish\modules\javax.annotation.jar:C:\Program Files\sges-v3-prelude\glassfish\modules\jsf-api.jar:C:\Program Files\sges-v3-prelude\glassfish\modules\javax.xml.stream.jar:C:\Program Files\sges-v3-prelude\glassfish\modules\javax.security.auth.message.jar:C:\Program Files\sges-v3-prelude\glassfish\modules\javax.servlet.jar:C:\Program Files\sges-v3-prelude\glassfish\modules\javax.mail.jar:C:\Program Files\sges-v3-prelude\glassfish\modules\javax.transaction.jar:C:\Program Files\sges-v3-prelude\glassfish\modules\web\javax.servlet.jsp.jstl.jar:C:\Program Files\sges-v3-prelude\glassfish\modules\web\jsf-impl.jar:C:\Program Files\sges-v3-prelude\glassfish\modules\javax.enterprise.deploy.jar:C:\Program Files\sges-v3-prelude\glassfish\modules\javax.resource.jar:C:\Program Files\sges-v3-prelude\glassfish\modules\javax.security.jacc.jar:C:\Program Files\sges-v3-prelude\glassfish\modules\web\jstl-impl.jar:C:\Program Files\sges-v3-prelude\glassfish\modules\web\jsf-impl.jar:C:\Program Files\sges-v3-prelude\glassfish\modules\jsf-api.jar:C:\Program Files\NetBeans 6.7\enterprise5\modules\ext\glassfish-jspparser-2.0.jar:C:\Program Files\NetBeans 6.7\enterprise5\modules\ext\glassfish-logging-2.0.jar:C:\Program Files\NetBeans 6.7\ide11\modules\ext\commons-logging-1.1.jar:C:\Program Files\NetBeans 6.7\java2\ant\lib\ant-launcher.jar:C:\Program Files\NetBeans 6.7\enterprise5\modules\ext\standard.jar;C:\Program Files\NetBeans 6.7\enterprise5\modules\ext\jstl.jar:C:\Program Files\Sun\JavaDB\lib\derby.jar:C:\Program Files\Sun\JavaDB\lib\derbyclient.jar" />
    <property name="org.glassfish.v3.installRoot" value="C:\Program Files\sges-v3-prelude" />
    <property name="libs.hibernate-persistence.classpath" value="C:\Program Files\NetBeans 6.7\java2\modules\ext\hibernate\antlr-2.7.6.jar;C:\Program Files\NetBeans 6.7\java2\modules\ext\hibernate\asm.jar;C:\Program Files\NetBeans 6.7\java2\modules\ext\hibernate\asm-attrs.jar;C:\Program Files\NetBeans 6.7\java2\modules\ext\hibernate\cglib-2.1.3.jar;C:\Program Files\NetBeans 6.7\java2\modules\ext\hibernate\commons-collections-2.1.1.jar;C:\Program Files\NetBeans 6.7\ide11\modules\ext\commons-logging-1.1.jar;C:\Program Files\NetBeans 6.7\java2\modules\ext\hibernate\dom4j-1.6.1.jar;C:\Program Files\NetBeans 6.7\java2\modules\ext\hibernate\ehcache-1.2.3.jar;C:\Program Files\NetBeans 6.7\java2\modules\ext\hibernate\jdbc2_0-stdext.jar;C:\Program Files\NetBeans 6.7\java2\modules\ext\hibernate\jta.jar;C:\Program Files\NetBeans 6.7\java2\modules\ext\hibernate\hibernate3.jar;C:\Program Files\NetBeans 6.7\java2\modules\ext\hibernate\hibernate-tools.jar;C:\Program Files\NetBeans 6.7\java2\modules\ext\hibernate\hibernate-annotations.jar;C:\Program Files\NetBeans 6.7\java2\modules\ext\hibernate\hibernate-commons-annotations.jar;C:\Program Files\NetBeans 6.7\java2\modules\ext\hibernate\hibernate-entitymanager.jar;C:\Program Files\NetBeans 6.7\java2\modules\ext\hibernate\javassist.jar;C:\Program Files\NetBeans 6.7\java2\modules\ext\hibernate\ejb3-persistence.jar" />
    <property name="libs.jaxws21.src" value="" />
    <property name="do.war.package.with.custom.manifest" value="true" />
    <property name="libs.swing-app-framework.classpath" value="C:\Program Files\NetBeans 6.7\java2\modules\ext\appframework-1.0.3.jar;C:\Program Files\NetBeans 6.7\java2\modules\ext\swing-worker-1.1.jar" />
    <property name="org.netbeans.core.startup.specialResource" value="nullcom.sun.jdo.api.persistence.mapping.ejb" />
    <property name="java.vendor" value="Sun Microsystems Inc." />
    <property name="javac.debug" value="true" />
    <property name="javadoc.splitindex" value="true" />
    <property name="file.separator" value="\" />
    <property name="libs.IdentityAntTasks.src" value="" />
    <property name="libs.junit_4.maven-pom" value="" />
    <property name="resource.dir" value="setup" />
    <property name="netbeans.buildnumber" value="200906241340" />
    <property name="libs.JWSAntTasks.javadoc" value="" />
    <property name="build.generated.sources.dir" value="build/generated-sources" />
    <property name="user.variant" value="" />
    <property name="sun.java.launcher" value="SUN_STANDARD" />
    <property name="libs.junit.classpath" value="C:\Program Files\NetBeans 6.7\java2\modules\ext\junit-3.8.2.jar" />
    <property name="libs.jaxb.javadoc" value="" />
    <property name="libs.struts.classpath" value="C:\Program Files\NetBeans 6.7\enterprise5\modules\ext\struts\antlr-2.7.2.jar;C:\Program Files\NetBeans 6.7\enterprise5\modules\ext\struts\bsf-2.3.0.jar;C:\Program Files\NetBeans 6.7\enterprise5\modules\ext\struts\commons-beanutils-1.7.0.jar;C:\Program Files\NetBeans 6.7\enterprise5\modules\ext\struts\commons-chain-1.1.jar;C:\Program Files\NetBeans 6.7\enterprise5\modules\ext\struts\commons-digester-1.8.jar;C:\Program Files\NetBeans 6.7\enterprise5\modules\ext\struts\commons-fileupload-1.1.1.jar;C:\Program Files\NetBeans 6.7\enterprise5\modules\ext\struts\commons-io-1.1.jar;C:\Program Files\NetBeans 6.7\enterprise5\modules\ext\struts\commons-logging-1.0.4.jar;C:\Program Files\NetBeans 6.7\enterprise5\modules\ext\struts\commons-validator-1.3.1.jar;C:\Program Files\NetBeans 6.7\enterprise5\modules\ext\struts\jstl-1.0.2.jar;C:\Program Files\NetBeans 6.7\enterprise5\modules\ext\struts\oro-2.0.8.jar;C:\Program Files\NetBeans 6.7\enterprise5\modules\ext\struts\standard-1.0.2.jar;C:\Program Files\NetBeans 6.7\enterprise5\modules\ext\struts\struts-core-1.3.8.jar;C:\Program Files\NetBeans 6.7\enterprise5\modules\ext\struts\struts-el-1.3.8.jar;C:\Program Files\NetBeans 6.7\enterprise5\modules\ext\struts\struts-extras-1.3.8.jar;C:\Program Files\NetBeans 6.7\enterprise5\modules\ext\struts\struts-faces-1.3.8.jar;C:\Program Files\NetBeans 6.7\enterprise5\modules\ext\struts\struts-mailreader-dao-1.3.8.jar;C:\Program Files\NetBeans 6.7\enterprise5\modules\ext\struts\struts-scripting-1.3.8.jar;C:\Program Files\NetBeans 6.7\enterprise5\modules\ext\struts\struts-taglib-1.3.8.jar;C:\Program Files\NetBeans 6.7\enterprise5\modules\ext\struts\struts-tiles-1.3.8.jar" />
    <property name="application.args.param" value="" />
    <property name="ant.home" value="C:\Program Files\NetBeans 6.7\java2\ant" />
    <property name="libs.junit_4.src" value="C:\Program Files\NetBeans 6.7\java2\docs\junit-4.5-src.jar" />
    <property name="conf.dir" value="src/conf" />
    <property name="webinf.dir" value="web/WEB-INF" />
    <property name="libs.absolutelayout.maven-pom" value="" />
    <property name="ant.java.version" value="1.6" />
    <property name="java.library.path" value="C:\Program Files\Java\jdk1.6.0_13\jre\bin;.;C:\WINDOWS\Sun\Java\bin;C:\WINDOWS\system32;C:\WINDOWS;C:\WINDOWS\system32;C:\WINDOWS;C:\WINDOWS\System32\Wbem;C:\Program Files\Intel\DMIX;C:\Program Files\Symantec\pcAnywhere\;C:\Program Files\Microsoft SQL Server\80\Tools\BINN;C:\Program Files\Microsoft SQL Server\80\Tools\Binn\;C:\Program Files\Microsoft SQL Server\90\DTS\Binn\;C:\Program Files\Microsoft SQL Server\90\Tools\binn\;C:\Program Files\Microsoft SQL Server\90\Tools\Binn\VSShell\Common7\IDE\;C:\Program Files\Microsoft Visual Studio 8\Common7\IDE\PrivateAssemblies\;C:\Program Files\GoldMine\;C:\Program Files\Common Files\Nodus\Verisign\payflowpro\win32\bin;C:\Program Files\Common Files\Nodus\Verisign\payflowpro\win32\lib;C:\Program Files\Common Files\Nodus\Verisign\payflowpro\win32\certs;C:\Program Files\java\jdk1.6.0_03\bin;C:\cygwin\bin;C:\Program Files\QuickTime\QTSystem\;C:\Program Files\Microsoft SQL Server\100\Tools\Binn\VSShell\Common7\IDE\;C:\Program Files\Microsoft SQL Server\100\Tools\Binn\;C:\Program Files\Microsoft SQL Server\100\DTS\Binn\;C:\Program Files\Microsoft Visual Studio 9.0\Common7\IDE\PrivateAssemblies\;C:\WINDOWS\system32\WindowsPowerShell\v1.0" />
    <property name="javadoc.author" value="false" />
    <property name="libs.metro.maven-pom" value="" />
    <property name="libs.IdentityAntTasks.classpath" value="C:\Program Files\NetBeans 6.7\identity2\ant\nblib\org-netbeans-modules-identity-ant.jar;C:\Program Files\NetBeans 6.7\identity2\modules\org-netbeans-modules-identity-profile-api.jar" />
    <property name="java.util.logging.config.class" value="org.netbeans.core.startup.TopLogging" />
    <property name="libs.PostgreSQLDriver.src" value="" />
    <property name="sun.arch.data.model" value="32" />
    <property name="basedir" value="C:\temp\UnixUsage" />
    <property name="jar.compress" value="false" />
    <property name="auxiliary.org-netbeans-modules-editor-indent.CodeStyle.project.text-limit-width" value="80" />
    <property name="libs.jstl11.classpath" value="C:\Program Files\NetBeans 6.7\enterprise5\modules\ext\standard.jar;C:\Program Files\NetBeans 6.7\enterprise5\modules\ext\jstl.jar" />
    <property name="path.separator" value=";" />
    <property name="dist.war" value="dist/UnixUsage.war" />
    <property name="com.sun.aas.installRoot" value="C:\Sun\AppServer" />
    <property name="libs.JWSDK.src" value="" />
    <property name="sun.io.unicode.encoding" value="UnicodeLittle" />
    <property name="libs.jaxws21.classpath" value="C:\Program Files\NetBeans 6.7\ide11\modules\ext\jaxb\activation.jar;C:\Program Files\NetBeans 6.7\ide11\modules\ext\jaxb\api\jaxb-api.jar;C:\Program Files\NetBeans 6.7\ide11\modules\ext\jaxb\jaxb-impl.jar;C:\Program Files\NetBeans 6.7\ide11\modules\ext\jaxb\jaxb-xjc.jar;C:\Program Files\NetBeans 6.7\ide11\modules\ext\jaxb\api\jsr173_api.jar;C:\Program Files\NetBeans 6.7\java2\modules\ext\jaxws21\FastInfoset.jar;C:\Program Files\NetBeans 6.7\java2\modules\ext\jaxws21\http.jar;C:\Program Files\NetBeans 6.7\java2\modules\ext\jaxws21\api\jaxws-api.jar;C:\Program Files\NetBeans 6.7\java2\modules\ext\jaxws21\jaxws-rt.jar;C:\Program Files\NetBeans 6.7\java2\modules\ext\jaxws21\jaxws-tools.jar;C:\Program Files\NetBeans 6.7\java2\modules\ext\jaxws21\api\jsr181-api.jar;C:\Program Files\NetBeans 6.7\java2\modules\ext\jaxws21\api\jsr250-api.jar;C:\Program Files\NetBeans 6.7\java2\modules\ext\jaxws21\mimepull.jar;C:\Program Files\NetBeans 6.7\java2\modules\ext\jaxws21\api\saaj-api.jar;C:\Program Files\NetBeans 6.7\java2\modules\ext\jaxws21\saaj-impl.jar;C:\Program Files\NetBeans 6.7\java2\modules\ext\jaxws21\sjsxp.jar;C:\Program Files\NetBeans 6.7\java2\modules\ext\jaxws21\stax-ex.jar;C:\Program Files\NetBeans 6.7\java2\modules\ext\jaxws21\streambuffer.jar" />
    <property name="libs.struts.src" value="" />
    <property name="user.language" value="en" />
    <property name="j2ee.platform.classpath" value="C:\Program Files\sges-v3-prelude\glassfish\modules\javax.servlet.jsp.jar:C:\Program Files\sges-v3-prelude\glassfish\modules\javax.activation.jar:C:\Program Files\sges-v3-prelude\glassfish\modules\javax.persistence.jar:C:\Program Files\sges-v3-prelude\glassfish\modules\javax.annotation.jar:C:\Program Files\sges-v3-prelude\glassfish\modules\jsf-api.jar:C:\Program Files\sges-v3-prelude\glassfish\modules\javax.xml.stream.jar:C:\Program Files\sges-v3-prelude\glassfish\modules\javax.security.auth.message.jar:C:\Program Files\sges-v3-prelude\glassfish\modules\javax.servlet.jar:C:\Program Files\sges-v3-prelude\glassfish\modules\javax.mail.jar:C:\Program Files\sges-v3-prelude\glassfish\modules\javax.transaction.jar:C:\Program Files\sges-v3-prelude\glassfish\modules\web\javax.servlet.jsp.jstl.jar:C:\Program Files\sges-v3-prelude\glassfish\modules\web\jsf-impl.jar:C:\Program Files\sges-v3-prelude\glassfish\modules\javax.enterprise.deploy.jar:C:\Program Files\sges-v3-prelude\glassfish\modules\javax.resource.jar:C:\Program Files\sges-v3-prelude\glassfish\modules\javax.security.jacc.jar:C:\Program Files\sges-v3-prelude\glassfish\modules\web\jstl-impl.jar:C:\Program Files\sges-v3-prelude\glassfish\modules\web\jsf-impl.jar:C:\Program Files\sges-v3-prelude\glassfish\modules\jsf-api.jar" />
    <property name="libs.spring-framework.classpath" value="C:\Program Files\NetBeans 6.7\ide11\modules\ext\commons-logging-1.1.jar;C:\Program Files\NetBeans 6.7\java2\modules\ext\cglib-2.2.jar;C:\Program Files\NetBeans 6.7\java2\modules\ext\spring\spring-2.5.jar" />
    <property name="build.meta.inf.dir" value="build/web/META-INF" />
    <property name="persistence.xml.dir" value="src/conf" />
    <property name="run.test.classpath" value="C:\Program Files\NetBeans 6.7\enterprise5\modules\ext\standard.jar;C:\Program Files\NetBeans 6.7\enterprise5\modules\ext\jstl.jar:C:\Program Files\Sun\JavaDB\lib\derby.jar:C:\Program Files\Sun\JavaDB\lib\derbyclient.jar:build/web/WEB-INF/classes:C:\Program Files\NetBeans 6.7\java2\modules\ext\junit-3.8.2.jar:build/test/classes" />
    <property name="useJavaUtilZip" value="true" />
    <property name="libs.swing-layout.javadoc" value="C:\Program Files\NetBeans 6.7\platform10\docs\swing-layout-1.0.3-doc.zip" />
    <property name="libs.swing-app-framework.javadoc" value="C:\Program Files\NetBeans 6.7\java2\docs\appframework-1.0.3-doc.zip" />
    <property name="libs.ejb3-persistence.maven-pom" value="" />
    <property name="https.nonProxyHosts" value="localhost|127.0.0.1|farooqbxp2" />
    <property name="libs.PostgreSQLDriver.maven-pom" value="" />
    <property name="java.class.version" value="50.0" />
    <property name="netbeans.system_http_proxy" value="DIRECT" />
    <property name="user.properties.file" value="C:\Documents and Settings\farooqb\.netbeans\6.7\build.properties" />
    <property name="build.web.dir" value="build/web" />
    <property name="libs.spring-framework.src" value="" />
    <property name="libs.javac-api.maven-pom" value="" />
    <property name="file.encoding.pkg" value="sun.io" />
    <property name="sun.cpu.endian" value="little" />
    <property name="libs.JWSAntTasks.classpath" value="C:\Program Files\NetBeans 6.7\java2\ant\extra\org-netbeans-modules-javawebstart-anttasks.jar" />
    <property name="libs.EclipseLink-GlassFish-v3-Prelude.classpath" value="C:\Program Files\sges-v3-prelude\glassfish\modules\org.eclipse.persistence.antlr.jar;C:\Program Files\sges-v3-prelude\glassfish\modules\org.eclipse.persistence.asm.jar;C:\Program Files\sges-v3-prelude\glassfish\modules\org.eclipse.persistence.core.jar;C:\Program Files\sges-v3-prelude\glassfish\modules\org.eclipse.persistence.jpa.jar;C:\Program Files\sges-v3-prelude\glassfish\modules\org.eclipse.persistence.oracle.jar;C:\Program Files\sges-v3-prelude\glassfish\modules\javax.persistence.jar" />
    <property name="file.reference.derbyclient.jar" value="C:\Program Files\Sun\JavaDB\lib\derbyclient.jar" />
    <property name="empty.dir" value="C:\temp\UnixUsage\build\empty" />
    <property name="display.browser" value="true" />
    <property name="version-output" value="java version &quot;1.6" />
    <property name="javadoc.preview" value="true" />
    <property name="auxiliary.org-netbeans-modules-editor-indent.CodeStyle.usedProfile" value="default" />
    <property name="nbplatform.default.harness.dir" value="C:\Program Files\NetBeans 6.7/harness" />
    <property name="java.home" value="C:\Program Files\Java\jdk1.6.0_13\jre" />
    <property name="libs.spring-webmvc.src" value="" />
    <property name="auxiliary.org-netbeans-modules-web-client-tools-api.clientdebug" value="false" />
    <property name="libs.Comet-GlassFish-v3-Prelude.classpath" value="C:\Program Files\sges-v3-prelude\glassfish\modules\grizzly-module.jar" />
    <property name="debug.test.classpath" value="C:\Program Files\NetBeans 6.7\enterprise5\modules\ext\standard.jar;C:\Program Files\NetBeans 6.7\enterprise5\modules\ext\jstl.jar:C:\Program Files\Sun\JavaDB\lib\derby.jar:C:\Program Files\Sun\JavaDB\lib\derbyclient.jar:build/web/WEB-INF/classes:C:\Program Files\NetBeans 6.7\java2\modules\ext\junit-3.8.2.jar:build/test/classes" />
    <property name="netbeans.importclass" value="org.netbeans.upgrade.AutoUpgrade" />
    <property name="org.openide.TopManager" value="org.netbeans.core.NonGui" />
    <property name="libs.toplink.maven-pom" value="" />
    <property name="libs.PostgreSQLDriver.javadoc" value="" />
    <property name="libs.restlib.classpath" value="C:\Program Files\NetBeans 6.7\enterprise5\modules\ext\rest\jersey.jar;C:\Program Files\NetBeans 6.7\enterprise5\modules\ext\rest\http.jar;C:\Program Files\NetBeans 6.7\enterprise5\modules\ext\rest\wadl2java.jar;C:\Program Files\NetBeans 6.7\enterprise5\modules\ext\rest\rome-0.9.jar;C:\Program Files\NetBeans 6.7\enterprise5\modules\ext\rest\jdom-1.0.jar;C:\Program Files\NetBeans 6.7\enterprise5\modules\ext\rest\jettison-1.0-RC1.jar;C:\Program Files\NetBeans 6.7\enterprise5\modules\ext\rest\asm-3.1.jar;C:\Program Files\NetBeans 6.7\enterprise5\modules\ext\rest\grizzly-servlet-webserver-1.7.3.2.jar;C:\Program Files\NetBeans 6.7\enterprise5\modules\ext\rest\jersey-spring.jar;C:\Program Files\NetBeans 6.7\ide11\modules\ext\jaxb\activation.jar;C:\Program Files\NetBeans 6.7\ide11\modules\ext\jaxb\api\jaxb-api.jar;C:\Program Files\NetBeans 6.7\ide11\modules\ext\jaxb\jaxb-impl.jar;C:\Program Files\NetBeans 6.7\ide11\modules\ext\jaxb\jaxb-xjc.jar;C:\Program Files\NetBeans 6.7\ide11\modules\ext\jaxb\api\jsr173_api.jar" />
    <property name="libs.MySQLDriver.maven-pom" value="" />
    <property name="http.nonProxyHosts" value="localhost|127.0.0.1|farooqbxp2" />
    <property name="libs.junit_4.javadoc" value="C:\Program Files\NetBeans 6.7\java2\docs\junit-4.5-api.zip" />
    <property name="libs.spring-webmvc.javadoc" value="" />
    <property name="libs.toplink.src" value="" />
    <property name="j2ee.deploy.on.save" value="true" />
    <property name="libs.hibernate-support.src" value="" />
    <property name="ant.file.UnixUsage" value="C:\temp\UnixUsage\build.xml" />
    <property name="libs.restapi.src" value="" />
    <property name="sun.management.compiler" value="HotSpot Client Compiler" />
    <property name="libs.Comet-GlassFish-v3-Prelude.javadoc" value="" />
    <property name="javac.deprecation" value="false" />
    <property name="javadoc.use" value="true" />
    <property name="client.urlPart" value="" />
    <property name="sun.java2d.noddraw" value="true" />
    <property name="dist.ear.war" value="dist/UnixUsage.war" />
    <property name="libs.spring-webmvc.classpath" value="C:\Program Files\NetBeans 6.7\enterprise5\modules\ext\spring\spring-webmvc-2.5.jar" />
    <property name="javac.compilerargs" value="" />
    <property name="ant.file" value="C:\temp\UnixUsage\build.xml" />
    <property name="libs.beans-binding.maven-pom" value="" />
    <property name="auxiliary.org-netbeans-modules-web-client-tools-api.serverdebug" value="true" />
    <property name="libs.jsf12.classpath" value="C:\Program Files\NetBeans 6.7\enterprise5\modules\ext\jsf-1_2\commons-beanutils.jar;C:\Program Files\NetBeans 6.7\enterprise5\modules\ext\jsf-1_2\commons-collections.jar;C:\Program Files\NetBeans 6.7\enterprise5\modules\ext\jsf-1_2\commons-digester.jar;C:\Program Files\NetBeans 6.7\enterprise5\modules\ext\jsf-1_2\commons-logging.jar;C:\Program Files\NetBeans 6.7\enterprise5\modules\ext\jsf-1_2\jsf-api.jar;C:\Program Files\NetBeans 6.7\enterprise5\modules\ext\jsf-1_2\jsf-impl.jar" />
    <property name="sun.awt.exception.handler" value="org.netbeans.core.startup.TopLogging$AWTHandler" />
    <property name="has.custom.manifest" value="true" />
    <property name="libs.restapi.maven-pom" value="" />
    <property name="libs.beans-binding.src" value="" />
    <property name="java.vm.specification.vendor" value="Sun Microsystems Inc." />
    <property name="libs.swing-layout.src" value="C:\Program Files\NetBeans 6.7\platform10\docs\swing-layout-1.0.3-src.zip" />
    <property name="org.openide.major.version" value="IDE/1" />
    <property name="java.vm.name" value="Java HotSpot(TM) Client VM" />
    <property name="do.display.browser.debug" value="true" />
    <property name="netbeans.user" value="C:\Documents and Settings\farooqb\.netbeans\6.7" />
    <property name="javadoc.additionalparam" value="" />
    <property name="java.io.tmpdir" value="C:\DOCUME~1\farooqb\LOCALS~1\Temp\" />
    <property name="java.vendor.url" value="http://java.sun.com/" />
    <property name="compile.jsps" value="false" />
    <property name="jspc.classpath" value="C:\Program Files\NetBeans 6.7\java2\ant\lib\ant.jar:C:\Program Files\NetBeans 6.7\enterprise5\modules\ext\servlet2.5-jsp2.1-api.jar:C:\Program Files\sges-v3-prelude\glassfish\modules\javax.servlet.jsp.jar:C:\Program Files\sges-v3-prelude\glassfish\modules\javax.activation.jar:C:\Program Files\sges-v3-prelude\glassfish\modules\javax.persistence.jar:C:\Program Files\sges-v3-prelude\glassfish\modules\javax.annotation.jar:C:\Program Files\sges-v3-prelude\glassfish\modules\jsf-api.jar:C:\Program Files\sges-v3-prelude\glassfish\modules\javax.xml.stream.jar:C:\Program Files\sges-v3-prelude\glassfish\modules\javax.security.auth.message.jar:C:\Program Files\sges-v3-prelude\glassfish\modules\javax.servlet.jar:C:\Program Files\sges-v3-prelude\glassfish\modules\javax.mail.jar:C:\Program Files\sges-v3-prelude\glassfish\modules\javax.transaction.jar:C:\Program Files\sges-v3-prelude\glassfish\modules\web\javax.servlet.jsp.jstl.jar:C:\Program Files\sges-v3-prelude\glassfish\modules\web\jsf-impl.jar:C:\Program Files\sges-v3-prelude\glassfish\modules\javax.enterprise.deploy.jar:C:\Program Files\sges-v3-prelude\glassfish\modules\javax.resource.jar:C:\Program Files\sges-v3-prelude\glassfish\modules\javax.security.jacc.jar:C:\Program Files\sges-v3-prelude\glassfish\modules\web\jstl-impl.jar:C:\Program Files\sges-v3-prelude\glassfish\modules\web\jsf-impl.jar:C:\Program Files\sges-v3-prelude\glassfish\modules\jsf-api.jar:C:\Program Files\NetBeans 6.7\enterprise5\modules\ext\glassfish-jspparser-2.0.jar:C:\Program Files\NetBeans 6.7\enterprise5\modules\ext\glassfish-logging-2.0.jar:C:\Program Files\NetBeans 6.7\ide11\modules\ext\commons-logging-1.1.jar:C:\Program Files\NetBeans 6.7\java2\ant\lib\ant-launcher.jar" />
    <property name="deploy.ant.properties.file" value="C:\Documents and Settings\farooqb\.netbeans\6.7\gfv3-1835629370.properties" />
    <property name="sun.boot.library.path" value="C:\Program Files\Java\jdk1.6.0_13\jre\bin" />
    <property name="have.sources" value="true" />
    <property name="debug.classpath" value="build/web/WEB-INF/classes:C:\Program Files\NetBeans 6.7\enterprise5\modules\ext\standard.jar;C:\Program Files\NetBeans 6.7\enterprise5\modules\ext\jstl.jar:C:\Program Files\Sun\JavaDB\lib\derby.jar:C:\Program Files\Sun\JavaDB\lib\derbyclient.jar" />
    <property name="war.name" value="UnixUsage.war" />
    <property name="javadoc.private" value="false" />
    <property name="test.src.dir" value="test" />
    <property name="javadoc.encoding.used" value="UTF-8" />
    <property name="java.runtime.name" value="Java(TM) SE Runtime Environment" />
    <property name="ant.project.name" value="UnixUsage" />
    <property name="libs.JWSDK.maven-pom" value="" />
    <property name="libs.DerbyLibs.javadoc" value="" />
    <property name="libs.EclipseLink-GlassFish-v3-Prelude.javadoc" value="C:\Program Files\NetBeans 6.7\enterprise5\docs\javaee5-doc-api.zip" />
    <property name="libs.Comet-GlassFish-v3-Prelude.src" value="" />
    <property name="sun.cpu.isalist" value="" />
    <property name="libs.CopyLibs.javadoc" value="" />
    <property name="org.openide.specification.version" value="6.2" />
    <property name="libs.JWSDK.javadoc" value="" />
    <property name="libs.hibernate-support.classpath" value="C:\Program Files\NetBeans 6.7\java2\modules\ext\hibernate\antlr-2.7.6.jar;C:\Program Files\NetBeans 6.7\java2\modules\ext\hibernate\asm.jar;C:\Program Files\NetBeans 6.7\java2\modules\ext\hibernate\asm-attrs.jar;C:\Program Files\NetBeans 6.7\java2\modules\ext\hibernate\cglib-2.1.3.jar;C:\Program Files\NetBeans 6.7\java2\modules\ext\hibernate\commons-collections-2.1.1.jar;C:\Program Files\NetBeans 6.7\ide11\modules\ext\commons-logging-1.1.jar;C:\Program Files\NetBeans 6.7\java2\modules\ext\hibernate\dom4j-1.6.1.jar;C:\Program Files\NetBeans 6.7\java2\modules\ext\hibernate\ehcache-1.2.3.jar;C:\Program Files\NetBeans 6.7\java2\modules\ext\hibernate\jdbc2_0-stdext.jar;C:\Program Files\NetBeans 6.7\java2\modules\ext\hibernate\jta.jar;C:\Program Files\NetBeans 6.7\java2\modules\ext\hibernate\hibernate3.jar;C:\Program Files\NetBeans 6.7\java2\modules\ext\hibernate\hibernate-tools.jar;C:\Program Files\NetBeans 6.7\java2\modules\ext\hibernate\hibernate-annotations.jar;C:\Program Files\NetBeans 6.7\java2\modules\ext\hibernate\hibernate-commons-annotations.jar;C:\Program Files\NetBeans 6.7\java2\modules\ext\hibernate\hibernate-entitymanager.jar;C:\Program Files\NetBeans 6.7\java2\modules\ext\hibernate\javassist.jar" />
    <property name="user.home" value="C:\Documents and Settings\farooqb" />
    <property name="debug-args-line" value="-Xdebug" />
    <property name="libs.JWSAntTasks.src" value="" />
    <property name="libs.CopyLibs.maven-pom" value="" />
    <property name="libs.hibernate-persistence.maven-pom" value="" />
    <property name="libs.absolutelayout.javadoc" value="" />
    <property name="java.specification.name" value="Java Platform API Specification" />
    <property name="libs.swing-app-framework.maven-pom" value="" />
    <property name="no.dist.ear.dir" value="true" />
    <property name="java.specification.vendor" value="Sun Microsystems Inc." />
    <property name="libs.javac-api.classpath" value="C:\Program Files\NetBeans 6.7\java2\modules\ext\javac-api-nb-7.0-b07.jar" />
    <property name="java.version" value="1.6.0_13" />
    <property name="javadoc.version" value="false" />
    <property name="libs.MySQLDriver.javadoc" value="" />
    <property name="org.openide.version" value="deprecated" />
    <property name="source.encoding" value="UTF-8" />
    <property name="libs.junit.maven-pom" value="" />
    <property name="libs.metro.javadoc" value="C:\Program Files\NetBeans 6.7\enterprise5\docs\metro-1.4-doc.zip" />
    <property name="libs.struts.maven-pom" value="" />
    <property name="netbeans.home+have.tests" value="true" />
    <property name="libs.IdentityAntTasks.maven-pom" value="" />
    <property name="libs.jaxb.src" value="" />
    <property name="libs.jaxb.classpath" value="C:\Program Files\NetBeans 6.7\ide11\modules\ext\jaxb\activation.jar;C:\Program Files\NetBeans 6.7\ide11\modules\ext\jaxb\api\jaxb-api.jar;C:\Program Files\NetBeans 6.7\ide11\modules\ext\jaxb\jaxb-impl.jar;C:\Program Files\NetBeans 6.7\ide11\modules\ext\jaxb\jaxb-xjc.jar;C:\Program Files\NetBeans 6.7\ide11\modules\ext\jaxb\api\jsr173_api.jar" />
    <property name="dist.javadoc.dir" value="dist/javadoc" />
    <property name="libs.swing-layout.classpath" value="C:\Program Files\NetBeans 6.7\platform10\modules\ext\swing-layout-1.0.3.jar" />
    <property name="libs.restlib.src" value="" />
    <property name="libs.DerbyLibs.classpath" value="C:\Program Files\Sun\JavaDB\lib\derby.jar;C:\Program Files\Sun\JavaDB\lib\derbyclient.jar;C:\Program Files\Sun\JavaDB\lib\derbynet.jar;C:\Program Files\Sun\JavaDB\lib\derbyrun.jar;C:\Program Files\Sun\JavaDB\lib\derbytools.jar" />
    <property name="build.generated.dir" value="build/generated" />
    <property name="javac.source" value="1.5" />
    <property name="auxiliary.org-netbeans-modules-editor-indent.CodeStyle.project.tab-size" value="8" />
    <property name="libs.hibernate-persistence.src" value="" />
    <property name="line.separator" value="
" />
    <property name="java.specification.version" value="1.6" />
    <property name="libs.jaxws21.maven-pom" value="" />
    <property name="java.vm.info" value="mixed mode, sharing" />
    <property name="libs.spring-framework.maven-pom" value="" />
    <property name="sun.boot.class.path" value="C:\Program Files\Java\jdk1.6.0_13\jre\lib\resources.jar;C:\Program Files\Java\jdk1.6.0_13\jre\lib\rt.jar;C:\Program Files\Java\jdk1.6.0_13\jre\lib\sunrsasign.jar;C:\Program Files\Java\jdk1.6.0_13\jre\lib\jsse.jar;C:\Program Files\Java\jdk1.6.0_13\jre\lib\jce.jar;C:\Program Files\Java\jdk1.6.0_13\jre\lib\charsets.jar;C:\Program Files\Java\jdk1.6.0_13\jre\classes" />
    <property name="javac.target" value="1.5" />
    <property name="build.test.classes.dir" value="build/test/classes" />
    <property name="src.dir" value="src/java" />
    <property name="libs.IdentityAntTasks.javadoc" value="" />
    <property name="sun.awt.keepWorkingSetOnMinimize" value="true" />
    <property name="libs.jsf12.src" value="" />
    <property name="j2ee.platform" value="1.5" />
    <property name="nbplatform.default.netbeans.dest.dir" value="C:\Program Files\NetBeans 6.7" />
    <property name="libs.struts.javadoc" value="C:\Program Files\NetBeans 6.7\enterprise5\docs\struts-1.3.8-javadoc.zip" />
    <property name="jspctask.classpath" value="C:\Program Files\NetBeans 6.7\enterprise5\ant\extra\jspcompile.jar" />
    <property name="web.docbase.dir" value="web" />
    <property name="dist.dir" value="dist" />
    <property name="java.awt.printerjob" value="sun.awt.windows.WPrinterJob" />
    <property name="default.javac.source" value="1.6" />
    <property name="auxiliary.org-netbeans-modules-web-client-tools-api.FIREFOX" value="true" />
    <property name="debug-transport-by-os" value="dt_shmem" />
    <property name="libs.EclipseLink-GlassFish-v3-Prelude.maven-pom" value="" />
    <property name="javac.compilerargs.jaxws" value="" />
    <property name="libs.MySQLDriver.src" value="" />
    <property name="sun.jnu.encoding" value="Cp1252" />
    <property name="java.runtime.version" value="1.6.0_13-b03" />
    <property name="build.test.results.dir" value="build/test/results" />
    <property name="libs.ejb3-persistence.javadoc" value="" />
    <property name="do.tmp.war.package.with.custom.manifest" value="true" />
    <property name="default.javac.target" value="1.6" />
    <property name="libs.junit_4.classpath" value="C:\Program Files\NetBeans 6.7\platform10\modules\ext\junit-4.5.jar" />
    <property name="user.timezone" value="" />
    <property name="libs.Comet-GlassFish-v3-Prelude.maven-pom" value="" />
    <property name="netbeans.dirs" value="C:\Program Files\NetBeans 6.7\nb6.7;C:\Program Files\NetBeans 6.7\ergonomics1;C:\Program Files\NetBeans 6.7\ide11;C:\Program Files\NetBeans 6.7\java2;C:\Program Files\NetBeans 6.7\xml2;C:\Program Files\NetBeans 6.7\apisupport1;C:\Program Files\NetBeans 6.7\webcommon1;C:\Program Files\NetBeans 6.7\websvccommon1;C:\Program Files\NetBeans 6.7\enterprise5;C:\Program Files\NetBeans 6.7\mobility8;C:\Program Files\NetBeans 6.7\profiler3;C:\Program Files\NetBeans 6.7\ruby2;C:\Program Files\NetBeans 6.7\python1;C:\Program Files\NetBeans 6.7\php1;C:\Program Files\NetBeans 6.7\visualweb2;C:\Program Files\NetBeans 6.7\soa2;C:\Program Files\NetBeans 6.7\identity2;C:\Program Files\NetBeans 6.7\uml6;C:\Program Files\NetBeans 6.7\harness;C:\Program Files\NetBeans 6.7\cnd2;C:\Program Files\NetBeans 6.7\dlight1;C:\Program Files\NetBeans 6.7\groovy1;C:\Program Files\NetBeans 6.7\extra;C:\Program Files\NetBeans 6.7\javafx2" />
    <property name="java.ext.dirs" value="C:\Program Files\Java\jdk1.6.0_13\jre\lib\ext;C:\WINDOWS\Sun\Java\lib\ext" />
    <property name="libs.metro.src" value="" />
    <property name="libs.absolutelayout.classpath" value="C:\Program Files\NetBeans 6.7\java2\modules\ext\AbsoluteLayout.jar" />
    <property name="excludes" value="" />
    <property name="auxiliary.org-netbeans-modules-web-client-tools-api.dialogShowDebugPanel" value="false" />
    <property name="libs.restlib.maven-pom" value="" />
    <property name="libs.metro.classpath" value="C:\Program Files\NetBeans 6.7\ide11\modules\ext\jaxb\activation.jar;C:\Program Files\NetBeans 6.7\enterprise5\modules\ext\metro\webservices-api.jar;C:\Program Files\NetBeans 6.7\enterprise5\modules\ext\metro\webservices-extra-api.jar;C:\Program Files\NetBeans 6.7\enterprise5\modules\ext\metro\webservices-extra.jar;C:\Program Files\NetBeans 6.7\enterprise5\modules\ext\metro\webservices-rt.jar;C:\Program Files\NetBeans 6.7\enterprise5\modules\ext\metro\webservices-tools.jar" />
    <property name="java.class.path" value="C:\Program Files\NetBeans 6.7\enterprise5\modules\ext\standard.jar;C:\Program Files\NetBeans 6.7\enterprise5\modules\ext\jstl.jar;C:\Program Files\Sun\JavaDB\lib\derby.jar;C:\Program Files\Sun\JavaDB\lib\derbyclient.jar;C:\temp\UnixUsage\build\web\WEB-INF\classes;C:\Program Files\NetBeans 6.7\java2\modules\ext\junit-3.8.2.jar;C:\temp\UnixUsage\build\test\classes;C:\Program Files\sges-v3-prelude\glassfish\modules\javax.servlet.jsp.jar;C:\Program Files\sges-v3-prelude\glassfish\modules\javax.activation.jar;C:\Program Files\sges-v3-prelude\glassfish\modules\javax.persistence.jar;C:\Program Files\sges-v3-prelude\glassfish\modules\javax.annotation.jar;C:\Program Files\sges-v3-prelude\glassfish\modules\jsf-api.jar;C:\Program Files\sges-v3-prelude\glassfish\modules\javax.xml.stream.jar;C:\Program Files\sges-v3-prelude\glassfish\modules\javax.security.auth.message.jar;C:\Program Files\sges-v3-prelude\glassfish\modules\javax.servlet.jar;C:\Program Files\sges-v3-prelude\glassfish\modules\javax.mail.jar;C:\Program Files\sges-v3-prelude\glassfish\modules\javax.transaction.jar;C:\Program Files\sges-v3-prelude\glassfish\modules\web\javax.servlet.jsp.jstl.jar;C:\Program Files\sges-v3-prelude\glassfish\modules\web\jsf-impl.jar;C:\Program Files\sges-v3-prelude\glassfish\modules\javax.enterprise.deploy.jar;C:\Program Files\sges-v3-prelude\glassfish\modules\javax.resource.jar;C:\Program Files\sges-v3-prelude\glassfish\modules\javax.security.jacc.jar;C:\Program Files\sges-v3-prelude\glassfish\modules\web\jstl-impl.jar;C:\Program Files\NetBeans 6.7\java2\ant\lib\ant-launcher.jar;C:\Program Files\NetBeans 6.7\java2\ant\lib\ant.jar;C:\Program Files\NetBeans 6.7\java2\ant\patches\72080.jar" />
    <property name="apple.laf.useScreenMenuBar" value="true" />
    <property name="libs.absolutelayout.src" value="" />
    <property name="j2ee.server.type" value="gfv3" />
    <property name="os.version" value="5.1" />
    <property name="libs.toplink.javadoc" value="C:\Program Files\NetBeans 6.7\enterprise5\docs\javaee5-doc-api.zip" />
    <property name="sun.desktop" value="windows" />
    <property name="war.content.additional" value="" />
    <property name="libs.restlib.javadoc" value="C:\Program Files\NetBeans 6.7\enterprise5\docs\jersey-api-doc.zip" />
    <property name="libs.beans-binding.javadoc" value="C:\Program Files\NetBeans 6.7\java2\docs\beansbinding-1.2.1-doc.zip" />
    <property name="java.awt.graphicsenv" value="sun.awt.Win32GraphicsEnvironment" />
    <property name="java.vm.vendor" value="Sun Microsystems Inc." />
    <property name="libs.DerbyLibs.src" value="" />
    <property name="libs.CopyLibs.classpath" value="C:\Program Files\NetBeans 6.7\java2\ant\extra\org-netbeans-modules-java-j2seproject-copylibstask.jar" />
    <property name="libs.spring-webmvc.maven-pom" value="" />
    <property name="jaxws.endorsed.dir" value="C:\Program Files\NetBeans 6.7\java2\modules\ext\jaxws21\api:C:\Program Files\NetBeans 6.7\ide11\modules\ext\jaxb\api" />
    <property name="libs.ejb3-persistence.classpath" value="C:\Program Files\NetBeans 6.7\java2\modules\ext\hibernate\ejb3-persistence.jar" />
    <property name="libs.spring-framework.javadoc" value="" />
    <property name="libs.PostgreSQLDriver.classpath" value="C:\Program Files\NetBeans 6.7\ide11\modules\ext\postgresql-8.3-603.jdbc3.jar" />
    <property name="libs.jsf12.maven-pom" value="" />
    <property name="libs.junit.src" value="" />
    <property name="libs.CopyLibs.src" value="" />
    <property name="build.dir" value="build" />
    <property name="ant.version" value="Apache Ant version 1.7.1 compiled on June 27 2008" />
    <property name="file.reference.derby.jar" value="C:\Program Files\Sun\JavaDB\lib\derby.jar" />
    <property name="file.encoding" value="Cp1252" />
    <property name="build.classes.excludes" value="**/*.java,**/*.form" />
    <property name="javadoc.nonavbar" value="false" />
    <property name="platform.active" value="default_platform" />
    <property name="awt.toolkit" value="sun.awt.windows.WToolkit" />
    <property name="war.ear.name" value="UnixUsage.war" />
  </properties>
  <testcase classname="app.CourseInfoManagerTest" name="testAddCourseInvalidCourseId" time="0.0" />
  <testcase classname="app.CourseInfoManagerTest" name="testAddCourseInvalidCourseNameIsNull" time="0.421" />
  <testcase classname="app.CourseInfoManagerTest" name="testAddCourseInvalidOfferedDeptDoesNotExist" time="0.094" />
  <testcase classname="app.CourseInfoManagerTest" name="testAddCourseOfferedDeptIsZero" time="0.031" />
  <testcase classname="app.CourseInfoManagerTest" name="testAddCourseInvalidGradLevel" time="0.047" />
  <testcase classname="app.CourseInfoManagerTest" name="testAddCourse" time="0.015" />
  <testcase classname="app.CourseInfoManagerTest" name="testEditCourse" time="0.094" />
  <testcase classname="app.CourseInfoManagerTest" name="testEditCourseInvalidGradlevel" time="0.031" />
  <system-out><![CDATA[This course already exists.
This Offered Department does not exist.
]]></system-out>
  <system-err><![CDATA[]]></system-err>
</testsuite>
